#
# There is insufficient memory for the Java Runtime Environment to continue.
# Native memory allocation (malloc) failed to allocate 714576 bytes for Chunk::new
# Possible reasons:
#   The system is out of physical RAM or swap space
#   In 32 bit mode, the process size limit was hit
# Possible solutions:
#   Reduce memory load on the system
#   Increase physical memory or swap space
#   Check if swap backing store is full
#   Use 64 bit Java on a 64 bit OS
#   Decrease Java heap size (-Xmx/-Xms)
#   Decrease number of Java threads
#   Decrease Java thread stack sizes (-Xss)
#   Set larger code cache with -XX:ReservedCodeCacheSize=
# This output file may be truncated or incomplete.
#
#  Out of Memory Error (allocation.cpp:390), pid=2900, tid=0x0000000000000c28
#
# JRE version: Java(TM) SE Runtime Environment (8.0_101-b13) (build 1.8.0_101-b13)
# Java VM: Java HotSpot(TM) 64-Bit Server VM (25.101-b13 mixed mode windows-amd64 compressed oops)
# Failed to write core dump. Minidumps are not enabled by default on client versions of Windows
#

---------------  T H R E A D  ---------------

Current thread (0x0000000054cc8800):  JavaThread "C2 CompilerThread0" daemon [_thread_in_native, id=3112, stack(0x0000000055920000,0x0000000055a20000)]

Stack: [0x0000000055920000,0x0000000055a20000]
[error occurred during error reporting (printing stack bounds), id 0xc0000005]

Native frames: (J=compiled Java code, j=interpreted, Vv=VM code, C=native code)


Current CompileTask:
C2:   6924 3902       4       java.io.WinNTFileSystem::normalize (231 bytes)


---------------  P R O C E S S  ---------------

Java Threads: ( => current thread )
  0x0000000058627800 JavaThread "resolver-4" daemon [_thread_blocked, id=3088, stack(0x000000005a2a0000,0x000000005a3a0000)]
  0x0000000058720800 JavaThread "resolver-3" daemon [_thread_blocked, id=5048, stack(0x0000000059be0000,0x0000000059ce0000)]
  0x0000000057252000 JavaThread "resolver-2" daemon [_thread_blocked, id=4816, stack(0x0000000059810000,0x0000000059910000)]
  0x0000000057251000 JavaThread "resolver-1" daemon [_thread_blocked, id=3484, stack(0x0000000059700000,0x0000000059800000)]
  0x0000000054cd9800 JavaThread "Service Thread" daemon [_thread_blocked, id=1112, stack(0x0000000055c10000,0x0000000055d10000)]
  0x0000000054ccd800 JavaThread "C1 CompilerThread1" daemon [_thread_blocked, id=4080, stack(0x0000000055a80000,0x0000000055b80000)]
=>0x0000000054cc8800 JavaThread "C2 CompilerThread0" daemon [_thread_in_native, id=3112, stack(0x0000000055920000,0x0000000055a20000)]
  0x0000000054cc6800 JavaThread "Attach Listener" daemon [_thread_blocked, id=4012, stack(0x00000000556f0000,0x00000000557f0000)]
  0x0000000054cc5000 JavaThread "Signal Dispatcher" daemon [_thread_blocked, id=3188, stack(0x00000000557f0000,0x00000000558f0000)]
  0x0000000054ca9800 JavaThread "Finalizer" daemon [_thread_blocked, id=5068, stack(0x0000000011d30000,0x0000000011e30000)]
  0x0000000054c66000 JavaThread "Reference Handler" daemon [_thread_blocked, id=3468, stack(0x0000000055560000,0x0000000055660000)]
  0x0000000001f6f000 JavaThread "main" [_thread_in_vm, id=4776, stack(0x0000000002240000,0x0000000002340000)]

Other Threads:
  0x0000000054c5e000 VMThread [stack: 0x0000000055440000,0x0000000055540000] [id=3232]
  0x0000000055d26000 WatcherThread [stack: 0x0000000056240000,0x0000000056340000] [id=3560]

VM state:not at safepoint (normal execution)

VM Mutex/Monitor currently owned by a thread: None

Heap:
 PSYoungGen      total 141312K, used 74290K [0x00000000eaf00000, 0x00000000f4400000, 0x0000000100000000)
  eden space 131072K, 56% used [0x00000000eaf00000,0x00000000ef78cb38,0x00000000f2f00000)
  from space 10240K, 0% used [0x00000000f3a00000,0x00000000f3a00000,0x00000000f4400000)
  to   space 10752K, 0% used [0x00000000f2f00000,0x00000000f2f00000,0x00000000f3980000)
 ParOldGen       total 48640K, used 15480K [0x00000000c0c00000, 0x00000000c3b80000, 0x00000000eaf00000)
  object space 48640K, 31% used [0x00000000c0c00000,0x00000000c1b1e040,0x00000000c3b80000)
 Metaspace       used 24883K, capacity 25486K, committed 25600K, reserved 1071104K
  class space    used 3020K, capacity 3216K, committed 3328K, reserved 1048576K

Card table byte_map: [0x00000000119d0000,0x0000000011bd0000] byte_map_base: 0x00000000113ca000

Marking Bits: (ParMarkBitMap*) 0x000000006b2ba6d0
 Begin Bits: [0x0000000012190000, 0x0000000013160000)
 End Bits:   [0x0000000013160000, 0x0000000014130000)

Polling page: 0x0000000000410000

CodeCache: size=245760Kb used=11637Kb max_used=11637Kb free=234122Kb
 bounds [0x0000000002610000, 0x0000000003180000, 0x0000000011610000]
 total_blobs=4365 nmethods=3960 adapters=319
 compilation: enabled

Compilation events (10 events):
Event: 6.911 Thread 0x0000000054ccd800 nmethod 4001 0x000000000316ca90 code [0x000000000316cc00, 0x000000000316ce78]
Event: 6.911 Thread 0x0000000054ccd800 4002       3       org.sonatype.aether.AbstractRepositoryListener::artifactResolved (1 bytes)
Event: 6.911 Thread 0x0000000054ccd800 nmethod 4002 0x000000000316cf90 code [0x000000000316d0e0, 0x000000000316d230]
Event: 6.912 Thread 0x0000000054ccd800 4003   !   3       org.sonatype.aether.impl.internal.TrackingFileManager::read (188 bytes)
Event: 6.914 Thread 0x0000000054ccd800 nmethod 4003 0x000000000316d2d0 code [0x000000000316d6c0, 0x000000000316f628]
Event: 6.919 Thread 0x0000000054ccd800 4005       1       org.sonatype.aether.util.graph.PreorderNodeListGenerator::visitLeave (2 bytes)
Event: 6.920 Thread 0x0000000054ccd800 nmethod 4005 0x0000000003170a50 code [0x0000000003170ba0, 0x0000000003170cb0]
Event: 6.920 Thread 0x0000000054ccd800 4006       2       java.lang.Long::toString (52 bytes)
Event: 6.921 Thread 0x0000000054ccd800 nmethod 4006 0x0000000003170d10 code [0x0000000003170ea0, 0x0000000003171188]
Event: 6.921 Thread 0x0000000054ccd800 4008       2       java.math.MutableBigInteger::<init> (22 bytes)

GC Heap History (10 events):
Event: 2.262 GC heap before
{Heap before GC invocations=3 (full 0):
 PSYoungGen      total 35328K, used 35305K [0x00000000eaf00000, 0x00000000ed400000, 0x0000000100000000)
  eden space 32768K, 100% used [0x00000000eaf00000,0x00000000ecf00000,0x00000000ecf00000)
  from space 2560K, 99% used [0x00000000ed180000,0x00000000ed3fa400,0x00000000ed400000)
  to   space 2560K, 0% used [0x00000000ecf00000,0x00000000ecf00000,0x00000000ed180000)
 ParOldGen       total 44032K, used 695K [0x00000000c0c00000, 0x00000000c3700000, 0x00000000eaf00000)
  object space 44032K, 1% used [0x00000000c0c00000,0x00000000c0cadf18,0x00000000c3700000)
 Metaspace       used 12124K, capacity 12378K, committed 12672K, reserved 1060864K
  class space    used 1491K, capacity 1546K, committed 1664K, reserved 1048576K
Event: 2.277 GC heap after
Heap after GC invocations=3 (full 0):
 PSYoungGen      total 35328K, used 2560K [0x00000000eaf00000, 0x00000000ef400000, 0x0000000100000000)
  eden space 32768K, 0% used [0x00000000eaf00000,0x00000000eaf00000,0x00000000ecf00000)
  from space 2560K, 100% used [0x00000000ecf00000,0x00000000ed180000,0x00000000ed180000)
  to   space 2560K, 0% used [0x00000000ef180000,0x00000000ef180000,0x00000000ef400000)
 ParOldGen       total 44032K, used 5060K [0x00000000c0c00000, 0x00000000c3700000, 0x00000000eaf00000)
  object space 44032K, 11% used [0x00000000c0c00000,0x00000000c10f1198,0x00000000c3700000)
 Metaspace       used 12124K, capacity 12378K, committed 12672K, reserved 1060864K
  class space    used 1491K, capacity 1546K, committed 1664K, reserved 1048576K
}
Event: 2.857 GC heap before
{Heap before GC invocations=4 (full 0):
 PSYoungGen      total 35328K, used 35328K [0x00000000eaf00000, 0x00000000ef400000, 0x0000000100000000)
  eden space 32768K, 100% used [0x00000000eaf00000,0x00000000ecf00000,0x00000000ecf00000)
  from space 2560K, 100% used [0x00000000ecf00000,0x00000000ed180000,0x00000000ed180000)
  to   space 2560K, 0% used [0x00000000ef180000,0x00000000ef180000,0x00000000ef400000)
 ParOldGen       total 44032K, used 5060K [0x00000000c0c00000, 0x00000000c3700000, 0x00000000eaf00000)
  object space 44032K, 11% used [0x00000000c0c00000,0x00000000c10f1198,0x00000000c3700000)
 Metaspace       used 12875K, capacity 13096K, committed 13184K, reserved 1060864K
  class space    used 1573K, capacity 1651K, committed 1664K, reserved 1048576K
Event: 2.879 GC heap after
Heap after GC invocations=4 (full 0):
 PSYoungGen      total 68096K, used 2544K [0x00000000eaf00000, 0x00000000ef400000, 0x0000000100000000)
  eden space 65536K, 0% used [0x00000000eaf00000,0x00000000eaf00000,0x00000000eef00000)
  from space 2560K, 99% used [0x00000000ef180000,0x00000000ef3fc010,0x00000000ef400000)
  to   space 2560K, 0% used [0x00000000eef00000,0x00000000eef00000,0x00000000ef180000)
 ParOldGen       total 44032K, used 7296K [0x00000000c0c00000, 0x00000000c3700000, 0x00000000eaf00000)
  object space 44032K, 16% used [0x00000000c0c00000,0x00000000c1320278,0x00000000c3700000)
 Metaspace       used 12875K, capacity 13096K, committed 13184K, reserved 1060864K
  class space    used 1573K, capacity 1651K, committed 1664K, reserved 1048576K
}
Event: 4.088 GC heap before
{Heap before GC invocations=5 (full 0):
 PSYoungGen      total 68096K, used 68080K [0x00000000eaf00000, 0x00000000ef400000, 0x0000000100000000)
  eden space 65536K, 100% used [0x00000000eaf00000,0x00000000eef00000,0x00000000eef00000)
  from space 2560K, 99% used [0x00000000ef180000,0x00000000ef3fc010,0x00000000ef400000)
  to   space 2560K, 0% used [0x00000000eef00000,0x00000000eef00000,0x00000000ef180000)
 ParOldGen       total 44032K, used 7296K [0x00000000c0c00000, 0x00000000c3700000, 0x00000000eaf00000)
  object space 44032K, 16% used [0x00000000c0c00000,0x00000000c1320278,0x00000000c3700000)
 Metaspace       used 17659K, capacity 18052K, committed 18176K, reserved 1064960K
  class space    used 2164K, capacity 2287K, committed 2304K, reserved 1048576K
Event: 4.168 GC heap after
Heap after GC invocations=5 (full 0):
 PSYoungGen      total 68096K, used 2560K [0x00000000eaf00000, 0x00000000f4500000, 0x0000000100000000)
  eden space 65536K, 0% used [0x00000000eaf00000,0x00000000eaf00000,0x00000000eef00000)
  from space 2560K, 100% used [0x00000000eef00000,0x00000000ef180000,0x00000000ef180000)
  to   space 11264K, 0% used [0x00000000f3a00000,0x00000000f3a00000,0x00000000f4500000)
 ParOldGen       total 44032K, used 15936K [0x00000000c0c00000, 0x00000000c3700000, 0x00000000eaf00000)
  object space 44032K, 36% used [0x00000000c0c00000,0x00000000c1b90110,0x00000000c3700000)
 Metaspace       used 17659K, capacity 18052K, committed 18176K, reserved 1064960K
  class space    used 2164K, capacity 2287K, committed 2304K, reserved 1048576K
}
Event: 4.936 GC heap before
{Heap before GC invocations=6 (full 0):
 PSYoungGen      total 68096K, used 30114K [0x00000000eaf00000, 0x00000000f4500000, 0x0000000100000000)
  eden space 65536K, 42% used [0x00000000eaf00000,0x00000000ec9e8bc8,0x00000000eef00000)
  from space 2560K, 100% used [0x00000000eef00000,0x00000000ef180000,0x00000000ef180000)
  to   space 11264K, 0% used [0x00000000f3a00000,0x00000000f3a00000,0x00000000f4500000)
 ParOldGen       total 44032K, used 15936K [0x00000000c0c00000, 0x00000000c3700000, 0x00000000eaf00000)
  object space 44032K, 36% used [0x00000000c0c00000,0x00000000c1b90110,0x00000000c3700000)
 Metaspace       used 20647K, capacity 21198K, committed 21296K, reserved 1069056K
  class space    used 2514K, capacity 2647K, committed 2688K, reserved 1048576K
Event: 4.956 GC heap after
Heap after GC invocations=6 (full 0):
 PSYoungGen      total 141312K, used 5255K [0x00000000eaf00000, 0x00000000f4400000, 0x0000000100000000)
  eden space 131072K, 0% used [0x00000000eaf00000,0x00000000eaf00000,0x00000000f2f00000)
  from space 10240K, 51% used [0x00000000f3a00000,0x00000000f3f21db8,0x00000000f4400000)
  to   space 10752K, 0% used [0x00000000f2f00000,0x00000000f2f00000,0x00000000f3980000)
 ParOldGen       total 44032K, used 15944K [0x00000000c0c00000, 0x00000000c3700000, 0x00000000eaf00000)
  object space 44032K, 36% used [0x00000000c0c00000,0x00000000c1b92110,0x00000000c3700000)
 Metaspace       used 20647K, capacity 21198K, committed 21296K, reserved 1069056K
  class space    used 2514K, capacity 2647K, committed 2688K, reserved 1048576K
}
Event: 4.956 GC heap before
{Heap before GC invocations=7 (full 1):
 PSYoungGen      total 141312K, used 5255K [0x00000000eaf00000, 0x00000000f4400000, 0x0000000100000000)
  eden space 131072K, 0% used [0x00000000eaf00000,0x00000000eaf00000,0x00000000f2f00000)
  from space 10240K, 51% used [0x00000000f3a00000,0x00000000f3f21db8,0x00000000f4400000)
  to   space 10752K, 0% used [0x00000000f2f00000,0x00000000f2f00000,0x00000000f3980000)
 ParOldGen       total 44032K, used 15944K [0x00000000c0c00000, 0x00000000c3700000, 0x00000000eaf00000)
  object space 44032K, 36% used [0x00000000c0c00000,0x00000000c1b92110,0x00000000c3700000)
 Metaspace       used 20647K, capacity 21198K, committed 21296K, reserved 1069056K
  class space    used 2514K, capacity 2647K, committed 2688K, reserved 1048576K
Event: 5.096 GC heap after
Heap after GC invocations=7 (full 1):
 PSYoungGen      total 141312K, used 0K [0x00000000eaf00000, 0x00000000f4400000, 0x0000000100000000)
  eden space 131072K, 0% used [0x00000000eaf00000,0x00000000eaf00000,0x00000000f2f00000)
  from space 10240K, 0% used [0x00000000f3a00000,0x00000000f3a00000,0x00000000f4400000)
  to   space 10752K, 0% used [0x00000000f2f00000,0x00000000f2f00000,0x00000000f3980000)
 ParOldGen       total 48640K, used 15480K [0x00000000c0c00000, 0x00000000c3b80000, 0x00000000eaf00000)
  object space 48640K, 31% used [0x00000000c0c00000,0x00000000c1b1e040,0x00000000c3b80000)
 Metaspace       used 20647K, capacity 21198K, committed 21296K, reserved 1069056K
  class space    used 2514K, capacity 2647K, committed 2688K, reserved 1048576K
}

Deoptimization events (10 events):
Event: 5.997 Thread 0x0000000001f6f000 Uncommon trap: reason=bimorphic action=maybe_recompile pc=0x0000000002e41224 method=java.util.Hashtable.put(Ljava/lang/Object;Ljava/lang/Object;)Ljava/lang/Object; @ 18
Event: 5.998 Thread 0x0000000001f6f000 Uncommon trap: reason=bimorphic action=maybe_recompile pc=0x0000000002e41224 method=java.util.Hashtable.put(Ljava/lang/Object;Ljava/lang/Object;)Ljava/lang/Object; @ 18
Event: 6.012 Thread 0x0000000001f6f000 Uncommon trap: reason=bimorphic action=maybe_recompile pc=0x0000000002eb40f4 method=java.util.Hashtable.get(Ljava/lang/Object;)Ljava/lang/Object; @ 6
Event: 6.013 Thread 0x0000000001f6f000 Uncommon trap: reason=bimorphic action=maybe_recompile pc=0x0000000002eb40f4 method=java.util.Hashtable.get(Ljava/lang/Object;)Ljava/lang/Object; @ 6
Event: 6.013 Thread 0x0000000001f6f000 Uncommon trap: reason=bimorphic action=maybe_recompile pc=0x0000000002eb40f4 method=java.util.Hashtable.get(Ljava/lang/Object;)Ljava/lang/Object; @ 6
Event: 6.013 Thread 0x0000000001f6f000 Uncommon trap: reason=bimorphic action=maybe_recompile pc=0x0000000002eb40f4 method=java.util.Hashtable.get(Ljava/lang/Object;)Ljava/lang/Object; @ 6
Event: 6.460 Thread 0x0000000001f6f000 Uncommon trap: reason=class_check action=maybe_recompile pc=0x0000000003015174 method=org.apache.maven.model.interpolation.StringSearchModelInterpolator$InterpolateObjectAction.interpolateMapField(Ljava/lang/Object;Ljava/lang/reflect/Field;)V @ 126
Event: 6.460 Thread 0x0000000001f6f000 Uncommon trap: reason=class_check action=maybe_recompile pc=0x0000000003015174 method=org.apache.maven.model.interpolation.StringSearchModelInterpolator$InterpolateObjectAction.interpolateMapField(Ljava/lang/Object;Ljava/lang/reflect/Field;)V @ 126
Event: 6.461 Thread 0x0000000001f6f000 Uncommon trap: reason=class_check action=maybe_recompile pc=0x0000000003015174 method=org.apache.maven.model.interpolation.StringSearchModelInterpolator$InterpolateObjectAction.interpolateMapField(Ljava/lang/Object;Ljava/lang/reflect/Field;)V @ 126
Event: 6.855 Thread 0x0000000001f6f000 Uncommon trap: reason=class_check action=maybe_recompile pc=0x0000000003015174 method=org.apache.maven.model.interpolation.StringSearchModelInterpolator$InterpolateObjectAction.interpolateMapField(Ljava/lang/Object;Ljava/lang/reflect/Field;)V @ 126

Internal exceptions (10 events):
Event: 3.981 Thread 0x0000000001f6f000 Exception <a 'java/io/FileNotFoundException'> (0x00000000ee714cb8) thrown at [C:\re\workspace\8-2-build-windows-amd64-cygwin\jdk8u101\7261\hotspot\src\share\vm\prims\jni.cpp, line 709]
Event: 4.669 Thread 0x0000000001f6f000 Exception <a 'java/lang/NoClassDefFoundError': org/slf4j/Logger> (0x00000000ec01bbe0) thrown at [C:\re\workspace\8-2-build-windows-amd64-cygwin\jdk8u101\7261\hotspot\src\share\vm\oops\constantPool.cpp, line 235]
Event: 4.875 Thread 0x0000000001f6f000 Exception <a 'java/lang/NoClassDefFoundError': org/apache/log4j/Category> (0x00000000ec91e930) thrown at [C:\re\workspace\8-2-build-windows-amd64-cygwin\jdk8u101\7261\hotspot\src\share\vm\classfile\systemDictionary.cpp, line 199]
Event: 5.180 Thread 0x0000000001f6f000 Exception <a 'java/lang/NoSuchFieldError': method resolution failed> (0x00000000eb02c598) thrown at [C:\re\workspace\8-2-build-windows-amd64-cygwin\jdk8u101\7261\hotspot\src\share\vm\prims\methodHandles.cpp, line 1146]
Event: 5.188 Thread 0x0000000001f6f000 Exception <a 'java/lang/NoSuchFieldError': method resolution failed> (0x00000000eb03a3f8) thrown at [C:\re\workspace\8-2-build-windows-amd64-cygwin\jdk8u101\7261\hotspot\src\share\vm\prims\methodHandles.cpp, line 1146]
Event: 5.568 Thread 0x000000005719c800 Implicit null exception at 0x0000000002dee3d8 to 0x0000000002dee481
Event: 5.576 Thread 0x000000005719c800 Exception <a 'java/net/SocketTimeoutException': Read timed out> (0x00000000ebc0dc88) thrown at [C:\re\workspace\8-2-build-windows-amd64-cygwin\jdk8u101\7261\hotspot\src\share\vm\prims\jni.cpp, line 735]
Event: 5.633 Thread 0x0000000057248000 Exception <a 'java/net/SocketTimeoutException': Read timed out> (0x00000000ec121580) thrown at [C:\re\workspace\8-2-build-windows-amd64-cygwin\jdk8u101\7261\hotspot\src\share\vm\prims\jni.cpp, line 735]
Event: 5.663 Thread 0x0000000057248000 Exception <a 'java/net/SocketTimeoutException': Read timed out> (0x00000000ec12c950) thrown at [C:\re\workspace\8-2-build-windows-amd64-cygwin\jdk8u101\7261\hotspot\src\share\vm\prims\jni.cpp, line 735]
Event: 5.894 Thread 0x0000000001f6f000 Exception <a 'java/lang/NoClassDefFoundError': org/slf4j/Logger> (0x00000000ecc72e10) thrown at [C:\re\workspace\8-2-build-windows-amd64-cygwin\jdk8u101\7261\hotspot\src\share\vm\oops\constantPool.cpp, line 235]

Events (10 events):
Event: 6.670 Thread 0x0000000001f6f000 DEOPT UNPACKING pc=0x00000000026571bf sp=0x000000000233d148 mode 0
Event: 6.733 Thread 0x0000000001f6f000 DEOPT PACKING pc=0x0000000002749f65 sp=0x000000000233cc50
Event: 6.733 Thread 0x0000000001f6f000 DEOPT UNPACKING pc=0x00000000026571bf sp=0x000000000233ca08 mode 0
Event: 6.762 Thread 0x0000000001f6f000 DEOPT PACKING pc=0x0000000002cf719f sp=0x000000000233cb70
Event: 6.762 Thread 0x0000000001f6f000 DEOPT UNPACKING pc=0x00000000026571bf sp=0x000000000233c8c0 mode 0
Event: 6.855 Thread 0x0000000001f6f000 Uncommon trap: trap_request=0xffffffde fr.pc=0x0000000003015174
Event: 6.855 Thread 0x0000000001f6f000 DEOPT PACKING pc=0x0000000003015174 sp=0x000000000233c740
Event: 6.855 Thread 0x0000000001f6f000 DEOPT UNPACKING pc=0x000000000265556a sp=0x000000000233c6f8 mode 2
Event: 6.868 Executing VM operation: ForceSafepoint
Event: 6.869 Executing VM operation: ForceSafepoint done


Dynamic libraries:
0x000000013f0e0000 - 0x000000013f117000 	C:\Program Files\Java\jdk1.8.0_101\bin\java.exe
0x0000000077910000 - 0x0000000077aba000 	C:\Windows\SYSTEM32\ntdll.dll
0x00000000776f0000 - 0x000000007780f000 	C:\Windows\system32\kernel32.dll
0x000007fefd890000 - 0x000007fefd8fa000 	C:\Windows\system32\KERNELBASE.dll
0x000007fefe9a0000 - 0x000007fefea7b000 	C:\Windows\system32\ADVAPI32.dll
0x000007fefdcb0000 - 0x000007fefdd4f000 	C:\Windows\system32\msvcrt.dll
0x000007fefdc90000 - 0x000007fefdcaf000 	C:\Windows\SYSTEM32\sechost.dll
0x000007fefe110000 - 0x000007fefe23d000 	C:\Windows\system32\RPCRT4.dll
0x0000000077810000 - 0x000000007790a000 	C:\Windows\system32\USER32.dll
0x000007fefe930000 - 0x000007fefe997000 	C:\Windows\system32\GDI32.dll
0x000007fefe0f0000 - 0x000007fefe0fe000 	C:\Windows\system32\LPK.dll
0x000007fefea80000 - 0x000007fefeb4a000 	C:\Windows\system32\USP10.dll
0x000007fefbce0000 - 0x000007fefbed4000 	C:\Windows\WinSxS\amd64_microsoft.windows.common-controls_6595b64144ccf1df_6.0.7601.18837_none_fa3b1e3d17594757\COMCTL32.dll
0x000007feffba0000 - 0x000007feffc11000 	C:\Windows\system32\SHLWAPI.dll
0x000007fefe0c0000 - 0x000007fefe0ee000 	C:\Windows\system32\IMM32.DLL
0x000007fefdb80000 - 0x000007fefdc89000 	C:\Windows\system32\MSCTF.dll
0x000000006bb00000 - 0x000000006bbd2000 	C:\Program Files\Java\jdk1.8.0_101\jre\bin\msvcr100.dll
0x000000006aaa0000 - 0x000000006b33a000 	C:\Program Files\Java\jdk1.8.0_101\jre\bin\server\jvm.dll
0x000007fefbcd0000 - 0x000007fefbcd9000 	C:\Windows\system32\WSOCK32.dll
0x000007feffb50000 - 0x000007feffb9d000 	C:\Windows\system32\WS2_32.dll
0x000007fefe100000 - 0x000007fefe108000 	C:\Windows\system32\NSI.dll
0x000007fef8df0000 - 0x000007fef8e2b000 	C:\Windows\system32\WINMM.dll
0x000007fefc730000 - 0x000007fefc73c000 	C:\Windows\system32\VERSION.dll
0x0000000077ae0000 - 0x0000000077ae7000 	C:\Windows\system32\PSAPI.DLL
0x0000000073cd0000 - 0x0000000073cdf000 	C:\Program Files\Java\jdk1.8.0_101\jre\bin\verify.dll
0x0000000073690000 - 0x00000000736b9000 	C:\Program Files\Java\jdk1.8.0_101\jre\bin\java.dll
0x0000000073670000 - 0x0000000073686000 	C:\Program Files\Java\jdk1.8.0_101\jre\bin\zip.dll
0x000007fefedc0000 - 0x000007feffb4a000 	C:\Windows\system32\SHELL32.dll
0x000007fefeb50000 - 0x000007fefed53000 	C:\Windows\system32\ole32.dll
0x000007fefd640000 - 0x000007fefd64f000 	C:\Windows\system32\profapi.dll
0x000007fefd480000 - 0x000007fefd4d7000 	C:\Windows\system32\apphelp.dll
0x0000000073650000 - 0x000000007366a000 	C:\Program Files\Java\jdk1.8.0_101\jre\bin\net.dll
0x000007fefce20000 - 0x000007fefce75000 	C:\Windows\system32\mswsock.dll
0x000007fefce10000 - 0x000007fefce17000 	C:\Windows\System32\wship6.dll
0x0000000073630000 - 0x0000000073641000 	C:\Program Files\Java\jdk1.8.0_101\jre\bin\nio.dll
0x0000000073cf0000 - 0x0000000073d14000 	C:\Program Files\Java\jdk1.8.0_101\jre\bin\sunec.dll
0x000007fefce80000 - 0x000007fefce98000 	C:\Windows\system32\CRYPTSP.dll
0x000007fefcb80000 - 0x000007fefcbc7000 	C:\Windows\system32\rsaenh.dll
0x000007fefd960000 - 0x000007fefd97e000 	C:\Windows\system32\USERENV.dll
0x000007fefd4e0000 - 0x000007fefd4ef000 	C:\Windows\system32\CRYPTBASE.dll
0x000007fefb140000 - 0x000007fefb167000 	C:\Windows\system32\IPHLPAPI.DLL
0x000007fefb130000 - 0x000007fefb13b000 	C:\Windows\system32\WINNSI.DLL
0x000007fefaf40000 - 0x000007fefaf58000 	C:\Windows\system32\dhcpcsvc.DLL
0x000007fefae40000 - 0x000007fefae51000 	C:\Windows\system32\dhcpcsvc6.DLL
0x000007fefc800000 - 0x000007fefc807000 	C:\Windows\System32\wshtcpip.dll
0x000007fefcca0000 - 0x000007fefccfb000 	C:\Windows\system32\DNSAPI.dll
0x000007fefa120000 - 0x000007fefa128000 	C:\Windows\system32\rasadhlp.dll
0x000007fefafc0000 - 0x000007fefb013000 	C:\Windows\System32\fwpuclnt.dll

VM Arguments:
jvm_args: -Dclassworlds.conf=C:\Program Files\NetBeans 8.1\java\maven\bin\m2.conf -Dmaven.home=C:\Program Files\NetBeans 8.1\java\maven 
java_command: org.codehaus.plexus.classworlds.launcher.Launcher -Dmaven.ext.class.path=C:\Program Files\NetBeans 8.1\java\maven-nblib\netbeans-eventspy.jar -Dfile.encoding=UTF-8 clean install
java_class_path (initial): C:\Program Files\NetBeans 8.1\java\maven\boot\plexus-classworlds-2.4.jar
Launcher Type: SUN_STANDARD

Environment Variables:
JAVA_HOME=C:\Program Files\Java\jdk1.8.0_101
PATH=C:\ProgramData\Oracle\Java\javapath;C:\Windows\system32;C:\Windows;C:\Windows\System32\Wbem;C:\Windows\System32\WindowsPowerShell\v1.0\
USERNAME=Lauri
OS=Windows_NT
PROCESSOR_IDENTIFIER=Intel64 Family 6 Model 23 Stepping 10, GenuineIntel



---------------  S Y S T E M  ---------------

OS: Windows 7 , 64 bit Build 7601 (6.1.7601.23543)

CPU:total 2 (2 cores per cpu, 1 threads per core) family 6 model 23 stepping 10, cmov, cx8, fxsr, mmx, sse, sse2, sse3, ssse3, sse4.1, tsc

Memory: 4k page, physical 4145052k(1361076k free), swap 4474632k(5244k free)

vm_info: Java HotSpot(TM) 64-Bit Server VM (25.101-b13) for windows-amd64 JRE (1.8.0_101-b13), built on Jun 22 2016 01:21:29 by "java_re" with MS VC++ 10.0 (VS2010)

time: Wed Oct 19 20:02:00 2016
elapsed time: 6 seconds (0d 0h 0m 6s)

