#
# There is insufficient memory for the Java Runtime Environment to continue.
# Native memory allocation (malloc) failed to allocate 1076672 bytes for Chunk::new
# Possible reasons:
#   The system is out of physical RAM or swap space
#   In 32 bit mode, the process size limit was hit
# Possible solutions:
#   Reduce memory load on the system
#   Increase physical memory or swap space
#   Check if swap backing store is full
#   Use 64 bit Java on a 64 bit OS
#   Decrease Java heap size (-Xmx/-Xms)
#   Decrease number of Java threads
#   Decrease Java thread stack sizes (-Xss)
#   Set larger code cache with -XX:ReservedCodeCacheSize=
# This output file may be truncated or incomplete.
#
#  Out of Memory Error (allocation.cpp:390), pid=1328, tid=0x00000000000013d8
#
# JRE version: Java(TM) SE Runtime Environment (8.0_101-b13) (build 1.8.0_101-b13)
# Java VM: Java HotSpot(TM) 64-Bit Server VM (25.101-b13 mixed mode windows-amd64 compressed oops)
# Failed to write core dump. Minidumps are not enabled by default on client versions of Windows
#

---------------  T H R E A D  ---------------

Current thread (0x0000000054a28800):  JavaThread "C2 CompilerThread0" daemon [_thread_in_native, id=5080, stack(0x0000000055df0000,0x0000000055ef0000)]

Stack: [0x0000000055df0000,0x0000000055ef0000]
[error occurred during error reporting (printing stack bounds), id 0xc0000005]

Native frames: (J=compiled Java code, j=interpreted, Vv=VM code, C=native code)


Current CompileTask:
C2:   3943 2261       4       java.net.URLClassLoader$1::run (5 bytes)


---------------  P R O C E S S  ---------------

Java Threads: ( => current thread )
  0x0000000054a39800 JavaThread "Service Thread" daemon [_thread_blocked, id=4328, stack(0x00000000560c0000,0x00000000561c0000)]
  0x0000000054a2d800 JavaThread "C1 CompilerThread1" daemon [_thread_blocked, id=4512, stack(0x0000000055ef0000,0x0000000055ff0000)]
=>0x0000000054a28800 JavaThread "C2 CompilerThread0" daemon [_thread_in_native, id=5080, stack(0x0000000055df0000,0x0000000055ef0000)]
  0x0000000054a26800 JavaThread "Attach Listener" daemon [_thread_blocked, id=2356, stack(0x0000000055b90000,0x0000000055c90000)]
  0x0000000054a25000 JavaThread "Signal Dispatcher" daemon [_thread_blocked, id=3628, stack(0x0000000055a60000,0x0000000055b60000)]
  0x0000000054a0f000 JavaThread "Finalizer" daemon [_thread_blocked, id=4892, stack(0x0000000055860000,0x0000000055960000)]
  0x00000000549c6000 JavaThread "Reference Handler" daemon [_thread_blocked, id=3480, stack(0x0000000055760000,0x0000000055860000)]
  0x000000000028f000 JavaThread "main" [_thread_blocked, id=1656, stack(0x0000000002230000,0x0000000002330000)]

Other Threads:
  0x00000000549be000 VMThread [stack: 0x0000000055510000,0x0000000055610000] [id=4348]
  0x00000000561d6000 WatcherThread [stack: 0x0000000056620000,0x0000000056720000] [id=3032]

VM state:at safepoint (normal execution)

VM Mutex/Monitor currently owned by a thread:  ([mutex/lock_event])
[0x000000000028d260] Threads_lock - owner thread: 0x00000000549be000
[0x000000000028d760] Heap_lock - owner thread: 0x000000000028f000

Heap:
 PSYoungGen      total 68096K, used 2544K [0x00000000eaf00000, 0x00000000ef400000, 0x0000000100000000)
  eden space 65536K, 0% used [0x00000000eaf00000,0x00000000eaf00000,0x00000000eef00000)
  from space 2560K, 99% used [0x00000000eef00000,0x00000000ef17c010,0x00000000ef180000)
  to   space 2560K, 0% used [0x00000000ef180000,0x00000000ef180000,0x00000000ef400000)
 ParOldGen       total 44032K, used 15927K [0x00000000c0c00000, 0x00000000c3700000, 0x00000000eaf00000)
  object space 44032K, 36% used [0x00000000c0c00000,0x00000000c1b8de58,0x00000000c3700000)
 Metaspace       used 17660K, capacity 18120K, committed 18176K, reserved 1064960K
  class space    used 2160K, capacity 2287K, committed 2304K, reserved 1048576K

Card table byte_map: [0x00000000119c0000,0x0000000011bc0000] byte_map_base: 0x00000000113ba000

Marking Bits: (ParMarkBitMap*) 0x000000006b2ba6d0
 Begin Bits: [0x0000000011ef0000, 0x0000000012ec0000)
 End Bits:   [0x0000000012ec0000, 0x0000000013e90000)

Polling page: 0x0000000000110000

CodeCache: size=245760Kb used=7344Kb max_used=7344Kb free=238415Kb
 bounds [0x0000000002600000, 0x0000000002d30000, 0x0000000011600000]
 total_blobs=2756 nmethods=2403 adapters=267
 compilation: enabled

Compilation events (10 events):
Event: 3.852 Thread 0x0000000054a2d800 nmethod 2416 0x0000000002d27210 code [0x0000000002d27380, 0x0000000002d27508]
Event: 3.852 Thread 0x0000000054a2d800 2417       2       com.sun.tools.javac.jvm.ClassReader::sigToType (880 bytes)
Event: 3.856 Thread 0x0000000054a2d800 nmethod 2417 0x0000000002d27590 code [0x0000000002d27960, 0x0000000002d29088]
Event: 3.856 Thread 0x0000000054a2d800 2418       2       com.sun.tools.javac.jvm.ClassReader::readPool (504 bytes)
Event: 3.860 Thread 0x0000000054a2d800 nmethod 2418 0x0000000002d2a750 code [0x0000000002d2ab80, 0x0000000002d2c778]
Event: 3.860 Thread 0x0000000054a2d800 2419       2       com.sun.tools.javac.code.Symbol$ClassSymbol::<init> (29 bytes)
Event: 3.860 Thread 0x0000000054a2d800 nmethod 2419 0x0000000002d2eb10 code [0x0000000002d2ec80, 0x0000000002d2eed8]
Event: 3.870 Thread 0x0000000054a2d800 2430 %     3       com.sun.tools.javac.util.List::reverse @ 25 (55 bytes)
Event: 3.872 Thread 0x0000000054a2d800 nmethod 2430% 0x0000000002d2f010 code [0x0000000002d2f1e0, 0x0000000002d2f978]
Event: 3.872 Thread 0x0000000054a2d800 2429 %     3       com.sun.tools.javac.util.List::prependList @ 57 (87 bytes)

GC Heap History (9 events):
Event: 0.713 GC heap before
{Heap before GC invocations=1 (full 0):
 PSYoungGen      total 18944K, used 16384K [0x00000000eaf00000, 0x00000000ec400000, 0x0000000100000000)
  eden space 16384K, 100% used [0x00000000eaf00000,0x00000000ebf00000,0x00000000ebf00000)
  from space 2560K, 0% used [0x00000000ec180000,0x00000000ec180000,0x00000000ec400000)
  to   space 2560K, 0% used [0x00000000ebf00000,0x00000000ebf00000,0x00000000ec180000)
 ParOldGen       total 44032K, used 0K [0x00000000c0c00000, 0x00000000c3700000, 0x00000000eaf00000)
  object space 44032K, 0% used [0x00000000c0c00000,0x00000000c0c00000,0x00000000c3700000)
 Metaspace       used 6711K, capacity 6824K, committed 7040K, reserved 1056768K
  class space    used 819K, capacity 892K, committed 896K, reserved 1048576K
Event: 0.724 GC heap after
Heap after GC invocations=1 (full 0):
 PSYoungGen      total 18944K, used 2549K [0x00000000eaf00000, 0x00000000ed400000, 0x0000000100000000)
  eden space 16384K, 0% used [0x00000000eaf00000,0x00000000eaf00000,0x00000000ebf00000)
  from space 2560K, 99% used [0x00000000ebf00000,0x00000000ec17d500,0x00000000ec180000)
  to   space 2560K, 0% used [0x00000000ed180000,0x00000000ed180000,0x00000000ed400000)
 ParOldGen       total 44032K, used 611K [0x00000000c0c00000, 0x00000000c3700000, 0x00000000eaf00000)
  object space 44032K, 1% used [0x00000000c0c00000,0x00000000c0c98ee0,0x00000000c3700000)
 Metaspace       used 6711K, capacity 6824K, committed 7040K, reserved 1056768K
  class space    used 819K, capacity 892K, committed 896K, reserved 1048576K
}
Event: 0.965 GC heap before
{Heap before GC invocations=2 (full 0):
 PSYoungGen      total 18944K, used 18933K [0x00000000eaf00000, 0x00000000ed400000, 0x0000000100000000)
  eden space 16384K, 100% used [0x00000000eaf00000,0x00000000ebf00000,0x00000000ebf00000)
  from space 2560K, 99% used [0x00000000ebf00000,0x00000000ec17d500,0x00000000ec180000)
  to   space 2560K, 0% used [0x00000000ed180000,0x00000000ed180000,0x00000000ed400000)
 ParOldGen       total 44032K, used 611K [0x00000000c0c00000, 0x00000000c3700000, 0x00000000eaf00000)
  object space 44032K, 1% used [0x00000000c0c00000,0x00000000c0c98ee0,0x00000000c3700000)
 Metaspace       used 7695K, capacity 7854K, committed 7936K, reserved 1056768K
  class space    used 967K, capacity 1021K, committed 1024K, reserved 1048576K
Event: 0.971 GC heap after
Heap after GC invocations=2 (full 0):
 PSYoungGen      total 35328K, used 2529K [0x00000000eaf00000, 0x00000000ed400000, 0x0000000100000000)
  eden space 32768K, 0% used [0x00000000eaf00000,0x00000000eaf00000,0x00000000ecf00000)
  from space 2560K, 98% used [0x00000000ed180000,0x00000000ed3f8580,0x00000000ed400000)
  to   space 2560K, 0% used [0x00000000ecf00000,0x00000000ecf00000,0x00000000ed180000)
 ParOldGen       total 44032K, used 713K [0x00000000c0c00000, 0x00000000c3700000, 0x00000000eaf00000)
  object space 44032K, 1% used [0x00000000c0c00000,0x00000000c0cb2718,0x00000000c3700000)
 Metaspace       used 7695K, capacity 7854K, committed 7936K, reserved 1056768K
  class space    used 967K, capacity 1021K, committed 1024K, reserved 1048576K
}
Event: 1.800 GC heap before
{Heap before GC invocations=3 (full 0):
 PSYoungGen      total 35328K, used 35297K [0x00000000eaf00000, 0x00000000ed400000, 0x0000000100000000)
  eden space 32768K, 100% used [0x00000000eaf00000,0x00000000ecf00000,0x00000000ecf00000)
  from space 2560K, 98% used [0x00000000ed180000,0x00000000ed3f8580,0x00000000ed400000)
  to   space 2560K, 0% used [0x00000000ecf00000,0x00000000ecf00000,0x00000000ed180000)
 ParOldGen       total 44032K, used 713K [0x00000000c0c00000, 0x00000000c3700000, 0x00000000eaf00000)
  object space 44032K, 1% used [0x00000000c0c00000,0x00000000c0cb2718,0x00000000c3700000)
 Metaspace       used 12137K, capacity 12388K, committed 12672K, reserved 1060864K
  class space    used 1491K, capacity 1547K, committed 1664K, reserved 1048576K
Event: 1.819 GC heap after
Heap after GC invocations=3 (full 0):
 PSYoungGen      total 35328K, used 2560K [0x00000000eaf00000, 0x00000000ef400000, 0x0000000100000000)
  eden space 32768K, 0% used [0x00000000eaf00000,0x00000000eaf00000,0x00000000ecf00000)
  from space 2560K, 100% used [0x00000000ecf00000,0x00000000ed180000,0x00000000ed180000)
  to   space 2560K, 0% used [0x00000000ef180000,0x00000000ef180000,0x00000000ef400000)
 ParOldGen       total 44032K, used 5131K [0x00000000c0c00000, 0x00000000c3700000, 0x00000000eaf00000)
  object space 44032K, 11% used [0x00000000c0c00000,0x00000000c1102fe8,0x00000000c3700000)
 Metaspace       used 12137K, capacity 12388K, committed 12672K, reserved 1060864K
  class space    used 1491K, capacity 1547K, committed 1664K, reserved 1048576K
}
Event: 2.475 GC heap before
{Heap before GC invocations=4 (full 0):
 PSYoungGen      total 35328K, used 35328K [0x00000000eaf00000, 0x00000000ef400000, 0x0000000100000000)
  eden space 32768K, 100% used [0x00000000eaf00000,0x00000000ecf00000,0x00000000ecf00000)
  from space 2560K, 100% used [0x00000000ecf00000,0x00000000ed180000,0x00000000ed180000)
  to   space 2560K, 0% used [0x00000000ef180000,0x00000000ef180000,0x00000000ef400000)
 ParOldGen       total 44032K, used 5131K [0x00000000c0c00000, 0x00000000c3700000, 0x00000000eaf00000)
  object space 44032K, 11% used [0x00000000c0c00000,0x00000000c1102fe8,0x00000000c3700000)
 Metaspace       used 12869K, capacity 13100K, committed 13184K, reserved 1060864K
  class space    used 1573K, capacity 1651K, committed 1664K, reserved 1048576K
Event: 2.489 GC heap after
Heap after GC invocations=4 (full 0):
 PSYoungGen      total 68096K, used 2544K [0x00000000eaf00000, 0x00000000ef400000, 0x0000000100000000)
  eden space 65536K, 0% used [0x00000000eaf00000,0x00000000eaf00000,0x00000000eef00000)
  from space 2560K, 99% used [0x00000000ef180000,0x00000000ef3fc010,0x00000000ef400000)
  to   space 2560K, 0% used [0x00000000eef00000,0x00000000eef00000,0x00000000ef180000)
 ParOldGen       total 44032K, used 7427K [0x00000000c0c00000, 0x00000000c3700000, 0x00000000eaf00000)
  object space 44032K, 16% used [0x00000000c0c00000,0x00000000c1340fd0,0x00000000c3700000)
 Metaspace       used 12869K, capacity 13100K, committed 13184K, reserved 1060864K
  class space    used 1573K, capacity 1651K, committed 1664K, reserved 1048576K
}
Event: 3.872 GC heap before
{Heap before GC invocations=5 (full 0):
 PSYoungGen      total 68096K, used 68080K [0x00000000eaf00000, 0x00000000ef400000, 0x0000000100000000)
  eden space 65536K, 100% used [0x00000000eaf00000,0x00000000eef00000,0x00000000eef00000)
  from space 2560K, 99% used [0x00000000ef180000,0x00000000ef3fc010,0x00000000ef400000)
  to   space 2560K, 0% used [0x00000000eef00000,0x00000000eef00000,0x00000000ef180000)
 ParOldGen       total 44032K, used 7427K [0x00000000c0c00000, 0x00000000c3700000, 0x00000000eaf00000)
  object space 44032K, 16% used [0x00000000c0c00000,0x00000000c1340fd0,0x00000000c3700000)
 Metaspace       used 17660K, capacity 18120K, committed 18176K, reserved 1064960K
  class space    used 2160K, capacity 2287K, committed 2304K, reserved 1048576K

Deoptimization events (10 events):
Event: 3.188 Thread 0x000000000028f000 Uncommon trap: reason=bimorphic action=maybe_recompile pc=0x0000000002cc0060 method=java.lang.ClassLoader.loadClass(Ljava/lang/String;Z)Ljava/lang/Class; @ 38
Event: 3.189 Thread 0x000000000028f000 Uncommon trap: reason=bimorphic action=maybe_recompile pc=0x0000000002cc0060 method=java.lang.ClassLoader.loadClass(Ljava/lang/String;Z)Ljava/lang/Class; @ 38
Event: 3.189 Thread 0x000000000028f000 Uncommon trap: reason=bimorphic action=maybe_recompile pc=0x0000000002cc0060 method=java.lang.ClassLoader.loadClass(Ljava/lang/String;Z)Ljava/lang/Class; @ 38
Event: 3.644 Thread 0x000000000028f000 Uncommon trap: reason=class_check action=maybe_recompile pc=0x00000000027a59f4 method=sun.misc.URLClassPath.getLoader(I)Lsun/misc/URLClassPath$Loader; @ 94
Event: 3.651 Thread 0x000000000028f000 Uncommon trap: reason=unstable_if action=reinterpret pc=0x00000000027a5af8 method=java.util.HashMap.putVal(ILjava/lang/Object;Ljava/lang/Object;ZZ)Ljava/lang/Object; @ 193
Event: 3.652 Thread 0x000000000028f000 Uncommon trap: reason=unstable_if action=reinterpret pc=0x00000000027c0bb8 method=sun.misc.URLClassPath$JarLoader.getResource(Ljava/lang/String;Z)Lsun/misc/Resource; @ 62
Event: 3.664 Thread 0x000000000028f000 Uncommon trap: reason=bimorphic action=maybe_recompile pc=0x0000000002cad180 method=java.util.regex.Pattern$BmpCharProperty.match(Ljava/util/regex/Matcher;ILjava/lang/CharSequence;)Z @ 16
Event: 3.664 Thread 0x000000000028f000 Uncommon trap: reason=bimorphic action=maybe_recompile pc=0x0000000002cad180 method=java.util.regex.Pattern$BmpCharProperty.match(Ljava/util/regex/Matcher;ILjava/lang/CharSequence;)Z @ 16
Event: 3.664 Thread 0x000000000028f000 Uncommon trap: reason=bimorphic action=maybe_recompile pc=0x0000000002cad180 method=java.util.regex.Pattern$BmpCharProperty.match(Ljava/util/regex/Matcher;ILjava/lang/CharSequence;)Z @ 16
Event: 3.664 Thread 0x000000000028f000 Uncommon trap: reason=bimorphic action=maybe_recompile pc=0x0000000002cad180 method=java.util.regex.Pattern$BmpCharProperty.match(Ljava/util/regex/Matcher;ILjava/lang/CharSequence;)Z @ 16

Internal exceptions (10 events):
Event: 1.416 Thread 0x000000000028f000 Implicit null exception at 0x00000000027cc9cb to 0x00000000027ccb7d
Event: 1.724 Thread 0x000000000028f000 Implicit null exception at 0x00000000029cf785 to 0x00000000029cf959
Event: 1.724 Thread 0x000000000028f000 Implicit null exception at 0x00000000028cd36f to 0x00000000028cd3d5
Event: 2.363 Thread 0x000000000028f000 Implicit null exception at 0x000000000298356b to 0x0000000002983b15
Event: 2.437 Thread 0x000000000028f000 Exception <a 'java/lang/NoClassDefFoundError': org/slf4j/Logger> (0x00000000ecd28dc0) thrown at [C:\re\workspace\8-2-build-windows-amd64-cygwin\jdk8u101\7261\hotspot\src\share\vm\oops\constantPool.cpp, line 235]
Event: 2.671 Thread 0x000000000028f000 Implicit null exception at 0x0000000002be7a00 to 0x0000000002be8b65
Event: 2.807 Thread 0x000000000028f000 Exception <a 'java/lang/NoClassDefFoundError': org/slf4j/Logger> (0x00000000ebddd7b8) thrown at [C:\re\workspace\8-2-build-windows-amd64-cygwin\jdk8u101\7261\hotspot\src\share\vm\oops\constantPool.cpp, line 235]
Event: 3.057 Thread 0x000000000028f000 Exception <a 'java/lang/NoClassDefFoundError': org/slf4j/Logger> (0x00000000ecdd2910) thrown at [C:\re\workspace\8-2-build-windows-amd64-cygwin\jdk8u101\7261\hotspot\src\share\vm\oops\constantPool.cpp, line 235]
Event: 3.782 Thread 0x000000000028f000 Exception <a 'java/io/FileNotFoundException'> (0x00000000ee764688) thrown at [C:\re\workspace\8-2-build-windows-amd64-cygwin\jdk8u101\7261\hotspot\src\share\vm\prims\jni.cpp, line 709]
Event: 3.785 Thread 0x000000000028f000 Exception <a 'java/io/FileNotFoundException'> (0x00000000ee79b7d0) thrown at [C:\re\workspace\8-2-build-windows-amd64-cygwin\jdk8u101\7261\hotspot\src\share\vm\prims\jni.cpp, line 709]

Events (10 events):
Event: 3.850 loading class com/sun/tools/javac/code/BoundKind done
Event: 3.850 loading class com/sun/tools/javac/code/BoundKind
Event: 3.850 loading class com/sun/tools/javac/code/BoundKind done
Event: 3.851 loading class com/sun/tools/javac/code/Type$ArrayType$1
Event: 3.851 loading class com/sun/tools/javac/code/Type$ArrayType$1 done
Event: 3.851 loading class com/sun/tools/javac/code/Type$ArrayType$1
Event: 3.851 loading class com/sun/tools/javac/code/Type$ArrayType$1 done
Event: 3.851 loading class com/sun/tools/javac/code/Type$ArrayType$1
Event: 3.851 loading class com/sun/tools/javac/code/Type$ArrayType$1 done
Event: 3.872 Executing VM operation: ParallelGCFailedAllocation


Dynamic libraries:
0x000000013f0e0000 - 0x000000013f117000 	C:\Program Files\Java\jdk1.8.0_101\bin\java.exe
0x0000000077910000 - 0x0000000077aba000 	C:\Windows\SYSTEM32\ntdll.dll
0x00000000776f0000 - 0x000000007780f000 	C:\Windows\system32\kernel32.dll
0x000007fefd890000 - 0x000007fefd8fa000 	C:\Windows\system32\KERNELBASE.dll
0x000007fefe9a0000 - 0x000007fefea7b000 	C:\Windows\system32\ADVAPI32.dll
0x000007fefdcb0000 - 0x000007fefdd4f000 	C:\Windows\system32\msvcrt.dll
0x000007fefdc90000 - 0x000007fefdcaf000 	C:\Windows\SYSTEM32\sechost.dll
0x000007fefe110000 - 0x000007fefe23d000 	C:\Windows\system32\RPCRT4.dll
0x0000000077810000 - 0x000000007790a000 	C:\Windows\system32\USER32.dll
0x000007fefe930000 - 0x000007fefe997000 	C:\Windows\system32\GDI32.dll
0x000007fefe0f0000 - 0x000007fefe0fe000 	C:\Windows\system32\LPK.dll
0x000007fefea80000 - 0x000007fefeb4a000 	C:\Windows\system32\USP10.dll
0x000007fefbce0000 - 0x000007fefbed4000 	C:\Windows\WinSxS\amd64_microsoft.windows.common-controls_6595b64144ccf1df_6.0.7601.18837_none_fa3b1e3d17594757\COMCTL32.dll
0x000007feffba0000 - 0x000007feffc11000 	C:\Windows\system32\SHLWAPI.dll
0x000007fefe0c0000 - 0x000007fefe0ee000 	C:\Windows\system32\IMM32.DLL
0x000007fefdb80000 - 0x000007fefdc89000 	C:\Windows\system32\MSCTF.dll
0x000000006bb00000 - 0x000000006bbd2000 	C:\Program Files\Java\jdk1.8.0_101\jre\bin\msvcr100.dll
0x000000006aaa0000 - 0x000000006b33a000 	C:\Program Files\Java\jdk1.8.0_101\jre\bin\server\jvm.dll
0x000007fefbcd0000 - 0x000007fefbcd9000 	C:\Windows\system32\WSOCK32.dll
0x000007feffb50000 - 0x000007feffb9d000 	C:\Windows\system32\WS2_32.dll
0x000007fefe100000 - 0x000007fefe108000 	C:\Windows\system32\NSI.dll
0x000007fef8df0000 - 0x000007fef8e2b000 	C:\Windows\system32\WINMM.dll
0x000007fefc730000 - 0x000007fefc73c000 	C:\Windows\system32\VERSION.dll
0x0000000077ae0000 - 0x0000000077ae7000 	C:\Windows\system32\PSAPI.DLL
0x0000000073cd0000 - 0x0000000073cdf000 	C:\Program Files\Java\jdk1.8.0_101\jre\bin\verify.dll
0x0000000073690000 - 0x00000000736b9000 	C:\Program Files\Java\jdk1.8.0_101\jre\bin\java.dll
0x0000000073670000 - 0x0000000073686000 	C:\Program Files\Java\jdk1.8.0_101\jre\bin\zip.dll
0x000007fefedc0000 - 0x000007feffb4a000 	C:\Windows\system32\SHELL32.dll
0x000007fefeb50000 - 0x000007fefed53000 	C:\Windows\system32\ole32.dll
0x000007fefd640000 - 0x000007fefd64f000 	C:\Windows\system32\profapi.dll
0x000007fefd480000 - 0x000007fefd4d7000 	C:\Windows\system32\apphelp.dll
0x0000000073650000 - 0x000000007366a000 	C:\Program Files\Java\jdk1.8.0_101\jre\bin\net.dll
0x000007fefce20000 - 0x000007fefce75000 	C:\Windows\system32\mswsock.dll
0x000007fefce10000 - 0x000007fefce17000 	C:\Windows\System32\wship6.dll
0x0000000073630000 - 0x0000000073641000 	C:\Program Files\Java\jdk1.8.0_101\jre\bin\nio.dll

VM Arguments:
jvm_args: -Dclassworlds.conf=C:\Program Files\NetBeans 8.1\java\maven\bin\m2.conf -Dmaven.home=C:\Program Files\NetBeans 8.1\java\maven 
java_command: org.codehaus.plexus.classworlds.launcher.Launcher -Dmaven.ext.class.path=C:\Program Files\NetBeans 8.1\java\maven-nblib\netbeans-eventspy.jar -Dfile.encoding=UTF-8 clean install
java_class_path (initial): C:\Program Files\NetBeans 8.1\java\maven\boot\plexus-classworlds-2.4.jar
Launcher Type: SUN_STANDARD

Environment Variables:
JAVA_HOME=C:\Program Files\Java\jdk1.8.0_101
PATH=C:\ProgramData\Oracle\Java\javapath;C:\Windows\system32;C:\Windows;C:\Windows\System32\Wbem;C:\Windows\System32\WindowsPowerShell\v1.0\
USERNAME=Lauri
OS=Windows_NT
PROCESSOR_IDENTIFIER=Intel64 Family 6 Model 23 Stepping 10, GenuineIntel



---------------  S Y S T E M  ---------------

OS: Windows 7 , 64 bit Build 7601 (6.1.7601.23543)

CPU:total 2 (2 cores per cpu, 1 threads per core) family 6 model 23 stepping 10, cmov, cx8, fxsr, mmx, sse, sse2, sse3, ssse3, sse4.1, tsc

Memory: 4k page, physical 4145052k(1325928k free), swap 4474632k(5460k free)

vm_info: Java HotSpot(TM) 64-Bit Server VM (25.101-b13) for windows-amd64 JRE (1.8.0_101-b13), built on Jun 22 2016 01:21:29 by "java_re" with MS VC++ 10.0 (VS2010)

time: Wed Oct 19 20:00:28 2016
elapsed time: 3 seconds (0d 0h 0m 3s)

